2025-07-20 17:23:06.850 [info] [main] Log level: Info
2025-07-20 17:23:06.850 [info] [main] Validating found git in: "git"
2025-07-20 17:23:06.850 [info] [main] Using git "2.50.1" from "git"
2025-07-20 17:23:06.850 [info] [Model][doInitialScan] Initial repository scan started
2025-07-20 17:23:06.850 [info] [Model][doInitialScan] Initial repository scan completed - repositories (0), closed repositories (0), parent repositories (0), unsafe repositories (0)
2025-07-20 17:25:15.214 [info] [main] Log level: Info
2025-07-20 17:25:15.214 [info] [main] Validating found git in: "git"
2025-07-20 17:25:15.214 [info] [main] Using git "2.50.1" from "git"
2025-07-20 17:25:15.214 [info] [Model][doInitialScan] Initial repository scan started
2025-07-20 17:25:15.214 [info] > git rev-parse --show-toplevel [4ms]
2025-07-20 17:25:15.214 [info] fatal: not a git repository (or any of the parent directories): .git
2025-07-20 17:25:15.224 [info] > git rev-parse --show-toplevel [1ms]
2025-07-20 17:25:15.224 [info] fatal: not a git repository (or any of the parent directories): .git
2025-07-20 17:25:15.229 [info] > git rev-parse --show-toplevel [1ms]
2025-07-20 17:25:15.229 [info] fatal: not a git repository (or any of the parent directories): .git
2025-07-20 17:25:15.237 [info] > git rev-parse --show-toplevel [3ms]
2025-07-20 17:25:15.237 [info] fatal: not a git repository (or any of the parent directories): .git
2025-07-20 17:25:15.241 [info] > git rev-parse --show-toplevel [1ms]
2025-07-20 17:25:15.241 [info] fatal: not a git repository (or any of the parent directories): .git
2025-07-20 17:25:15.245 [info] > git rev-parse --show-toplevel [1ms]
2025-07-20 17:25:15.245 [info] fatal: not a git repository (or any of the parent directories): .git
2025-07-20 17:25:15.248 [info] > git rev-parse --show-toplevel [1ms]
2025-07-20 17:25:15.248 [info] fatal: not a git repository (or any of the parent directories): .git
2025-07-20 17:25:15.251 [info] > git rev-parse --show-toplevel [1ms]
2025-07-20 17:25:15.251 [info] fatal: not a git repository (or any of the parent directories): .git
2025-07-20 17:25:15.254 [info] > git rev-parse --show-toplevel [0ms]
2025-07-20 17:25:15.254 [info] fatal: not a git repository (or any of the parent directories): .git
2025-07-20 17:25:15.258 [info] > git rev-parse --show-toplevel [1ms]
2025-07-20 17:25:15.258 [info] fatal: not a git repository (or any of the parent directories): .git
2025-07-20 17:25:15.261 [info] > git rev-parse --show-toplevel [0ms]
2025-07-20 17:25:15.261 [info] fatal: not a git repository (or any of the parent directories): .git
2025-07-20 17:25:15.264 [info] > git rev-parse --show-toplevel [0ms]
2025-07-20 17:25:15.264 [info] fatal: not a git repository (or any of the parent directories): .git
2025-07-20 17:25:15.268 [info] > git rev-parse --show-toplevel [0ms]
2025-07-20 17:25:15.268 [info] fatal: not a git repository (or any of the parent directories): .git
2025-07-20 17:25:15.271 [info] > git rev-parse --show-toplevel [1ms]
2025-07-20 17:25:15.271 [info] fatal: not a git repository (or any of the parent directories): .git
2025-07-20 17:25:15.274 [info] > git rev-parse --show-toplevel [0ms]
2025-07-20 17:25:15.274 [info] fatal: not a git repository (or any of the parent directories): .git
2025-07-20 17:25:15.277 [info] > git rev-parse --show-toplevel [1ms]
2025-07-20 17:25:15.277 [info] fatal: not a git repository (or any of the parent directories): .git
2025-07-20 17:25:15.280 [info] > git rev-parse --show-toplevel [1ms]
2025-07-20 17:25:15.280 [info] fatal: not a git repository (or any of the parent directories): .git
2025-07-20 17:25:15.284 [info] > git rev-parse --show-toplevel [1ms]
2025-07-20 17:25:15.284 [info] fatal: not a git repository (or any of the parent directories): .git
2025-07-20 17:25:15.287 [info] > git rev-parse --show-toplevel [1ms]
2025-07-20 17:25:15.287 [info] fatal: not a git repository (or any of the parent directories): .git
2025-07-20 17:25:15.290 [info] > git rev-parse --show-toplevel [1ms]
2025-07-20 17:25:15.290 [info] fatal: not a git repository (or any of the parent directories): .git
2025-07-20 17:25:15.293 [info] > git rev-parse --show-toplevel [0ms]
2025-07-20 17:25:15.293 [info] fatal: not a git repository (or any of the parent directories): .git
2025-07-20 17:25:15.296 [info] > git rev-parse --show-toplevel [0ms]
2025-07-20 17:25:15.296 [info] fatal: not a git repository (or any of the parent directories): .git
2025-07-20 17:25:15.300 [info] > git rev-parse --show-toplevel [1ms]
2025-07-20 17:25:15.300 [info] fatal: not a git repository (or any of the parent directories): .git
2025-07-20 17:25:15.303 [info] > git rev-parse --show-toplevel [0ms]
2025-07-20 17:25:15.303 [info] fatal: not a git repository (or any of the parent directories): .git
2025-07-20 17:25:15.306 [info] > git rev-parse --show-toplevel [0ms]
2025-07-20 17:25:15.306 [info] fatal: not a git repository (or any of the parent directories): .git
2025-07-20 17:25:15.310 [info] > git rev-parse --show-toplevel [1ms]
2025-07-20 17:25:15.310 [info] fatal: not a git repository (or any of the parent directories): .git
2025-07-20 17:25:15.310 [info] [Model][doInitialScan] Initial repository scan completed - repositories (0), closed repositories (0), parent repositories (0), unsafe repositories (0)
2025-07-20 17:25:16.016 [info] > git rev-parse --show-toplevel [1ms]
2025-07-20 17:25:16.016 [info] fatal: not a git repository (or any of the parent directories): .git
2025-07-20 17:25:25.009 [info] > git rev-parse --show-toplevel [1ms]
2025-07-20 17:25:25.009 [info] fatal: not a git repository (or any of the parent directories): .git
2025-07-20 17:26:38.619 [info] > git rev-parse --show-toplevel [1ms]
2025-07-20 17:26:38.619 [info] fatal: not a git repository (or any of the parent directories): .git
2025-07-20 17:27:55.508 [info] > git rev-parse --show-toplevel [1ms]
2025-07-20 17:27:55.508 [info] fatal: not a git repository (or any of the parent directories): .git
2025-07-20 17:31:35.503 [info] > git rev-parse --show-toplevel [1ms]
2025-07-20 17:31:35.503 [info] fatal: not a git repository (or any of the parent directories): .git
2025-07-20 17:31:44.196 [info] > git rev-parse --show-toplevel [1ms]
2025-07-20 17:31:44.196 [info] fatal: not a git repository (or any of the parent directories): .git
2025-07-20 17:31:47.799 [info] > git rev-parse --show-toplevel [2ms]
2025-07-20 17:31:47.799 [info] fatal: not a git repository (or any of the parent directories): .git
2025-07-20 17:32:06.155 [info] > git rev-parse --show-toplevel [1ms]
2025-07-20 17:32:06.155 [info] fatal: not a git repository (or any of the parent directories): .git
2025-07-20 17:32:20.580 [info] > git rev-parse --show-toplevel [1ms]
2025-07-20 17:32:20.580 [info] fatal: not a git repository (or any of the parent directories): .git
2025-07-20 17:45:03.216 [info] > git rev-parse --show-toplevel [1ms]
2025-07-20 17:45:03.216 [info] fatal: not a git repository (or any of the parent directories): .git
2025-07-20 17:45:30.656 [info] > git rev-parse --show-toplevel [2ms]
2025-07-20 17:45:30.656 [info] fatal: not a git repository (or any of the parent directories): .git
2025-07-20 17:48:10.015 [info] > git rev-parse --show-toplevel [0ms]
2025-07-20 17:48:10.015 [info] fatal: not a git repository (or any of the parent directories): .git
2025-07-20 17:48:13.265 [info] > git rev-parse --show-toplevel [1ms]
2025-07-20 17:48:13.265 [info] fatal: not a git repository (or any of the parent directories): .git
2025-07-20 17:49:00.783 [info] > git rev-parse --show-toplevel [1ms]
2025-07-20 17:49:00.783 [info] fatal: not a git repository (or any of the parent directories): .git
2025-07-20 17:49:07.434 [info] > git rev-parse --show-toplevel [1ms]
2025-07-20 17:49:07.434 [info] fatal: not a git repository (or any of the parent directories): .git
2025-07-20 17:49:34.107 [info] > git rev-parse --show-toplevel [1ms]
2025-07-20 17:49:34.107 [info] fatal: not a git repository (or any of the parent directories): .git
2025-07-20 17:53:22.502 [info] > git rev-parse --show-toplevel [1ms]
2025-07-20 17:53:22.502 [info] fatal: not a git repository (or any of the parent directories): .git
2025-07-20 17:53:53.006 [info] > git rev-parse --show-toplevel [1ms]
2025-07-20 17:53:53.006 [info] fatal: not a git repository (or any of the parent directories): .git
2025-07-20 17:53:59.716 [info] > git rev-parse --show-toplevel [0ms]
2025-07-20 17:53:59.717 [info] fatal: not a git repository (or any of the parent directories): .git
2025-07-20 17:54:08.071 [info] > git rev-parse --show-toplevel [1ms]
2025-07-20 17:54:08.071 [info] fatal: not a git repository (or any of the parent directories): .git
2025-07-20 17:55:13.924 [info] > git rev-parse --show-toplevel [0ms]
2025-07-20 17:55:13.924 [info] fatal: not a git repository (or any of the parent directories): .git
2025-07-20 17:55:23.135 [info] > git rev-parse --show-toplevel [0ms]
2025-07-20 17:55:23.135 [info] fatal: not a git repository (or any of the parent directories): .git
2025-07-20 17:57:28.542 [info] > git rev-parse --show-toplevel [1ms]
2025-07-20 17:57:28.542 [info] fatal: not a git repository (or any of the parent directories): .git
2025-07-20 17:57:34.526 [info] > git rev-parse --show-toplevel [1ms]
2025-07-20 17:57:34.526 [info] fatal: not a git repository (or any of the parent directories): .git
2025-07-20 17:59:31.434 [info] > git rev-parse --show-toplevel [1ms]
2025-07-20 17:59:31.434 [info] fatal: not a git repository (or any of the parent directories): .git
2025-07-20 17:59:34.715 [info] > git rev-parse --show-toplevel [0ms]
2025-07-20 17:59:34.715 [info] fatal: not a git repository (or any of the parent directories): .git
2025-07-20 17:59:34.760 [info] > git rev-parse --show-toplevel [2ms]
2025-07-20 17:59:34.760 [info] fatal: not a git repository (or any of the parent directories): .git
2025-07-20 17:59:45.516 [info] > git rev-parse --show-toplevel [1ms]
2025-07-20 17:59:45.516 [info] fatal: not a git repository (or any of the parent directories): .git
2025-07-20 17:59:52.774 [info] > git rev-parse --show-toplevel [0ms]
2025-07-20 17:59:52.775 [info] fatal: not a git repository (or any of the parent directories): .git
2025-07-20 18:02:36.127 [info] > git rev-parse --show-toplevel [1ms]
2025-07-20 18:02:36.127 [info] fatal: not a git repository (or any of the parent directories): .git
2025-07-20 18:04:43.557 [info] > git rev-parse --show-toplevel [1ms]
2025-07-20 18:04:43.557 [info] fatal: not a git repository (or any of the parent directories): .git
2025-07-20 18:06:00.786 [info] > git rev-parse --show-toplevel [0ms]
2025-07-20 18:06:00.787 [info] fatal: not a git repository (or any of the parent directories): .git
2025-07-20 18:06:11.719 [info] > git rev-parse --show-toplevel [1ms]
2025-07-20 18:06:11.719 [info] fatal: not a git repository (or any of the parent directories): .git
2025-07-20 18:06:53.834 [info] > git rev-parse --show-toplevel [0ms]
2025-07-20 18:06:53.834 [info] fatal: not a git repository (or any of the parent directories): .git
2025-07-20 18:09:51.960 [info] > git rev-parse --show-toplevel [1ms]
2025-07-20 18:09:51.960 [info] fatal: not a git repository (or any of the parent directories): .git
2025-07-20 18:13:49.962 [info] > git rev-parse --show-toplevel [1ms]
2025-07-20 18:13:49.962 [info] fatal: not a git repository (or any of the parent directories): .git
2025-07-20 18:13:51.602 [info] > git rev-parse --show-toplevel [2ms]
2025-07-20 18:13:51.602 [info] fatal: not a git repository (or any of the parent directories): .git
2025-07-20 18:14:07.053 [info] > git rev-parse --show-toplevel [1ms]
2025-07-20 18:14:07.053 [info] fatal: not a git repository (or any of the parent directories): .git
2025-07-20 18:16:10.358 [info] > git rev-parse --show-toplevel [1ms]
2025-07-20 18:16:10.358 [info] fatal: not a git repository (or any of the parent directories): .git
2025-07-20 18:16:24.769 [info] > git rev-parse --show-toplevel [2ms]
2025-07-20 18:16:24.769 [info] fatal: not a git repository (or any of the parent directories): .git
2025-07-20 18:17:24.267 [info] > git rev-parse --show-toplevel [1ms]
2025-07-20 18:17:24.267 [info] fatal: not a git repository (or any of the parent directories): .git
2025-07-20 18:19:31.355 [info] > git rev-parse --show-toplevel [1ms]
2025-07-20 18:19:31.355 [info] fatal: not a git repository (or any of the parent directories): .git
2025-07-20 18:20:25.906 [info] > git rev-parse --show-toplevel [1ms]
2025-07-20 18:20:25.906 [info] fatal: not a git repository (or any of the parent directories): .git
2025-07-20 18:21:01.905 [info] > git rev-parse --show-toplevel [1ms]
2025-07-20 18:21:01.905 [info] fatal: not a git repository (or any of the parent directories): .git
2025-07-20 18:21:40.744 [info] > git rev-parse --show-toplevel [1ms]
2025-07-20 18:21:40.744 [info] fatal: not a git repository (or any of the parent directories): .git
2025-07-20 18:22:06.903 [info] > git rev-parse --show-toplevel [1ms]
2025-07-20 18:22:06.903 [info] fatal: not a git repository (or any of the parent directories): .git
2025-07-20 18:25:29.400 [info] > git rev-parse --show-toplevel [1ms]
2025-07-20 18:25:29.400 [info] fatal: not a git repository (or any of the parent directories): .git
2025-07-20 18:26:09.848 [info] > git rev-parse --show-toplevel [0ms]
2025-07-20 18:26:09.848 [info] fatal: not a git repository (or any of the parent directories): .git
2025-07-20 18:26:40.406 [info] > git rev-parse --show-toplevel [1ms]
2025-07-20 18:26:40.406 [info] fatal: not a git repository (or any of the parent directories): .git
2025-07-20 18:26:42.516 [info] > git rev-parse --show-toplevel [1ms]
2025-07-20 18:26:42.516 [info] fatal: not a git repository (or any of the parent directories): .git
2025-07-20 18:28:07.111 [info] > git rev-parse --show-toplevel [0ms]
2025-07-20 18:28:07.111 [info] fatal: not a git repository (or any of the parent directories): .git
2025-07-20 18:42:29.499 [info] > git rev-parse --show-toplevel [1ms]
2025-07-20 18:42:29.499 [info] fatal: not a git repository (or any of the parent directories): .git
2025-07-20 18:46:30.831 [info] > git rev-parse --show-toplevel [1ms]
2025-07-20 18:46:30.831 [info] fatal: not a git repository (or any of the parent directories): .git
2025-07-20 18:47:12.036 [info] > git rev-parse --show-toplevel [1ms]
2025-07-20 18:47:12.036 [info] fatal: not a git repository (or any of the parent directories): .git
